Using pre-set license
Built from '2020.2/staging' branch; Version is '2020.2.7f1 (c53830e277f1) revision 12924976'; Using compiler version '192528614'; Build Type 'Release'
OS: 'Windows 10 Enterprise; OS build 18363.476; Version 1909; 64bit' Language: 'en' Physical Memory: 32541 MB
BatchMode: 1, IsHumanControllingUs: 0, StartBugReporterOnCrash: 0, Is64bit: 1, IsPro: 0

 COMMAND LINE ARGUMENTS:
C:\Program Files\Unity\Hub\Editor\2020.2.7f1\Editor\Unity.exe
-adb2
-batchMode
-noUpm
-name
AssetImportWorker0
-projectPath
D:/Users/mds00001XO/Documents/GitHub/RGPPrototype2/Assets
-logFile
Logs/AssetImportWorker0.log
-srvPort
62958
Successfully changed project path to: D:/Users/mds00001XO/Documents/GitHub/RGPPrototype2/Assets
D:/Users/mds00001XO/Documents/GitHub/RGPPrototype2/Assets
Using Asset Import Pipeline V2.
Refreshing native plugins compatible for Editor in 20.23 ms, found 0 plugins.
Preloading 0 native plugins for Editor in 0.00 ms.
Initialize engine version: 2020.2.7f1 (c53830e277f1)
[Subsystems] Discovering subsystems at path C:/Program Files/Unity/Hub/Editor/2020.2.7f1/Editor/Data/Resources/UnitySubsystems
[Subsystems] Discovering subsystems at path D:/Users/mds00001XO/Documents/GitHub/RGPPrototype2/Assets/Assets
GfxDevice: creating device client; threaded=0
Direct3D:
    Version:  Direct3D 11.0 [level 11.1]
    Renderer: NVIDIA GeForce RTX 2080 (ID=0x1e82)
    Vendor:   
    VRAM:     8010 MB
    Driver:   27.21.14.6172
Initialize mono
Mono path[0] = 'C:/Program Files/Unity/Hub/Editor/2020.2.7f1/Editor/Data/Managed'
Mono path[1] = 'C:/Program Files/Unity/Hub/Editor/2020.2.7f1/Editor/Data/MonoBleedingEdge/lib/mono/unityjit'
Mono config path = 'C:/Program Files/Unity/Hub/Editor/2020.2.7f1/Editor/Data/MonoBleedingEdge/etc'
Using monoOptions --debugger-agent=transport=dt_socket,embedding=1,server=y,suspend=n,address=127.0.0.1:56796
Begin MonoManager ReloadAssembly
Registering precompiled unity dll's ...
Register platform support module: C:/Program Files/Unity/Hub/Editor/2020.2.7f1/Editor/Data/PlaybackEngines/WindowsStandaloneSupport/UnityEditor.WindowsStandalone.Extensions.dll
Registered in 0.001116 seconds.
Native extension for WindowsStandalone target not found
Refreshing native plugins compatible for Editor in 20.50 ms, found 0 plugins.
Preloading 0 native plugins for Editor in 0.00 ms.
Invoked RoslynAnalysisRunner static constructor.
RoslynAnalysisRunner will not be running.
RoslynAnalysisRunner has terminated.
Mono: successfully reloaded assembly
- Completed reload, in  0.817 seconds
Platform modules already initialized, skipping
Registering precompiled user dll's ...
Registered in 0.000484 seconds.
Begin MonoManager ReloadAssembly
Native extension for WindowsStandalone target not found
Refreshing native plugins compatible for Editor in 0.20 ms, found 0 plugins.
Preloading 0 native plugins for Editor in 0.00 ms.
Invoked RoslynAnalysisRunner static constructor.
RoslynAnalysisRunner will not be running.
RoslynAnalysisRunner has terminated.
Mono: successfully reloaded assembly
- Completed reload, in  0.678 seconds
Platform modules already initialized, skipping
========================================================================
Worker process is ready to serve import requests
Launched and connected shader compiler UnityShaderCompiler.exe after 0.04 seconds
Refreshing native plugins compatible for Editor in 0.20 ms, found 0 plugins.
Preloading 0 native plugins for Editor in 0.00 ms.
Unloading 1113 Unused Serialized files (Serialized files now loaded: 0)
System memory in use before: 57.0 MB.
System memory in use after: 57.0 MB.

Unloading 9 unused Assets to reduce memory usage. Loaded Objects now: 1556.
Total: 1.501600 ms (FindLiveObjects: 0.187900 ms CreateObjectMapping: 0.060700 ms MarkObjects: 1.200300 ms  DeleteObjects: 0.052000 ms)

========================================================================
Received Import Request.
  path: Assets/Models/Tree.mat
  artifactKey: Guid(9fdcd64948088bc44aa661735a4276a2) Importer(815301076,1909f56bfc062723c751e8b465ee728b)
Start importing Assets/Models/Tree.mat using Guid(9fdcd64948088bc44aa661735a4276a2) Importer(815301076,1909f56bfc062723c751e8b465ee728b)  -> (artifact id: '93848d2ae10b7231f27c0b7a16915ee0') in 0.175705 seconds
  Import took 0.178358 seconds .

========================================================================
Received Import Request.
  Time since last request: 0.000203 seconds.
  path: Assets/Models/Prefab_Egg.prefab
  artifactKey: Guid(37c502224d578694fb8bc4241559cd75) Importer(815301076,1909f56bfc062723c751e8b465ee728b)
Start importing Assets/Models/Prefab_Egg.prefab using Guid(37c502224d578694fb8bc4241559cd75) Importer(815301076,1909f56bfc062723c751e8b465ee728b)  -> (artifact id: 'a6cd2ada8ef2e7d1fb455e31c481fb9f') in 0.069788 seconds
  Import took 0.073953 seconds .

========================================================================
Received Import Request.
  Time since last request: 0.000252 seconds.
  path: Assets/Models/Untitled-2.png
  artifactKey: Guid(bd3b0b39ac1da8b47a402b526fcabd32) Importer(815301076,1909f56bfc062723c751e8b465ee728b)
Start importing Assets/Models/Untitled-2.png using Guid(bd3b0b39ac1da8b47a402b526fcabd32) Importer(815301076,1909f56bfc062723c751e8b465ee728b)  -> (artifact id: 'e0484d9863ebbb543962601eaccf773c') in 0.071141 seconds
  Import took 0.074297 seconds .

========================================================================
Received Import Request.
  Time since last request: 0.000191 seconds.
  path: Assets/Models/MOD_LowPolyRock.fbx
  artifactKey: Guid(930be85fd8041e747a5d8f2d31e8e7d3) Importer(815301076,1909f56bfc062723c751e8b465ee728b)
Start importing Assets/Models/MOD_LowPolyRock.fbx using Guid(930be85fd8041e747a5d8f2d31e8e7d3) Importer(815301076,1909f56bfc062723c751e8b465ee728b)  -> (artifact id: 'fdd9706cea0565f2a678eddffa1ae0cd') in 0.255826 seconds
  Import took 0.258016 seconds .

========================================================================
Received Import Request.
  Time since last request: 0.000205 seconds.
  path: Assets/Models/MOD_Egg.fbx
  artifactKey: Guid(507bdfa4d2c2ff0408078f841b452d1d) Importer(815301076,1909f56bfc062723c751e8b465ee728b)
Start importing Assets/Models/MOD_Egg.fbx using Guid(507bdfa4d2c2ff0408078f841b452d1d) Importer(815301076,1909f56bfc062723c751e8b465ee728b)  -> (artifact id: '614652383e57ff15f97b4ea52cc50a2a') in 0.021340 seconds
  Import took 0.022964 seconds .

========================================================================
Received Import Request.
  Time since last request: 0.000157 seconds.
  path: Assets/Models/VFX_ITEM.mat
  artifactKey: Guid(0faafd7f7f1b8e24c97f5c5c2dd38563) Importer(815301076,1909f56bfc062723c751e8b465ee728b)
Start importing Assets/Models/VFX_ITEM.mat using Guid(0faafd7f7f1b8e24c97f5c5c2dd38563) Importer(815301076,1909f56bfc062723c751e8b465ee728b)  -> (artifact id: 'c00dc9712b6ffcfce8adfc93cc147c01') in 0.010246 seconds
  Import took 0.012327 seconds .

========================================================================
Received Import Request.
  Time since last request: 0.000201 seconds.
  path: Assets/Models/MOD_Platform.fbx
  artifactKey: Guid(119f0feb918212d40864265a018ebd93) Importer(815301076,1909f56bfc062723c751e8b465ee728b)
Start importing Assets/Models/MOD_Platform.fbx using Guid(119f0feb918212d40864265a018ebd93) Importer(815301076,1909f56bfc062723c751e8b465ee728b)  -> (artifact id: 'bdee545a5f4ab22d00eba25d12ce189e') in 0.020370 seconds
  Import took 0.021994 seconds .

========================================================================
Received Import Request.
  Time since last request: 0.000163 seconds.
  path: Assets/Models/flower2.fbx
  artifactKey: Guid(5f747208b7540c74a8f59c8fc5b1281f) Importer(815301076,1909f56bfc062723c751e8b465ee728b)
Start importing Assets/Models/flower2.fbx using Guid(5f747208b7540c74a8f59c8fc5b1281f) Importer(815301076,1909f56bfc062723c751e8b465ee728b)  -> (artifact id: '90537bc47a69575ab10b29f986813208') in 0.237169 seconds
  Import took 0.238660 seconds .

========================================================================
Received Import Request.
  Time since last request: 0.000192 seconds.
  path: Assets/Models/Prefab_Platform.prefab
  artifactKey: Guid(5f0147670dc8d0b42b7881be12d8ba64) Importer(815301076,1909f56bfc062723c751e8b465ee728b)
Start importing Assets/Models/Prefab_Platform.prefab using Guid(5f0147670dc8d0b42b7881be12d8ba64) Importer(815301076,1909f56bfc062723c751e8b465ee728b)  -> (artifact id: 'fa8187394ad3dc0455f09b1f16af4301') in 0.013113 seconds
  Import took 0.014681 seconds .

========================================================================
Received Import Request.
  Time since last request: 0.000222 seconds.
  path: Assets/Models/Prefab_Ruins.prefab
  artifactKey: Guid(183ab53e1fee2bd4ea429051743a2c92) Importer(815301076,1909f56bfc062723c751e8b465ee728b)
Start importing Assets/Models/Prefab_Ruins.prefab using Guid(183ab53e1fee2bd4ea429051743a2c92) Importer(815301076,1909f56bfc062723c751e8b465ee728b)  -> (artifact id: 'ae09df50bece48d663c4cb181b7f8306') in 0.014200 seconds
  Import took 0.015693 seconds .

========================================================================
Received Import Request.
  Time since last request: 0.000209 seconds.
  path: Assets/Myles' Tech Art Stuff
  artifactKey: Guid(e5589aa710fdc60469afe640cabfb917) Importer(815301076,1909f56bfc062723c751e8b465ee728b)
Start importing Assets/Myles' Tech Art Stuff using Guid(e5589aa710fdc60469afe640cabfb917) Importer(815301076,1909f56bfc062723c751e8b465ee728b)  -> (artifact id: 'a454b7053fcab798ab109a7e063819e5') in 0.005383 seconds
  Import took 0.006815 seconds .

========================================================================
Received Import Request.
  Time since last request: 0.000193 seconds.
  path: Assets/Myles' Tech Art Stuff/ToonWater 1.mat
  artifactKey: Guid(3482f099ff0fba744bdf7d7a648b7576) Importer(815301076,1909f56bfc062723c751e8b465ee728b)
Start importing Assets/Myles' Tech Art Stuff/ToonWater 1.mat using Guid(3482f099ff0fba744bdf7d7a648b7576) Importer(815301076,1909f56bfc062723c751e8b465ee728b)  -> (artifact id: 'c92b479a8b7e885c47c92043e14408ec') in 0.009238 seconds
  Import took 0.010737 seconds .

========================================================================
Received Import Request.
  Time since last request: 0.000222 seconds.
  path: Assets/Models/Untitled-1.png
  artifactKey: Guid(81caea844adb75349bba8275dacc53ae) Importer(815301076,1909f56bfc062723c751e8b465ee728b)
Start importing Assets/Models/Untitled-1.png using Guid(81caea844adb75349bba8275dacc53ae) Importer(815301076,1909f56bfc062723c751e8b465ee728b)  -> (artifact id: 'a5592df67a1933525ce1e6bd219c1c34') in 0.012987 seconds
  Import took 0.014582 seconds .

========================================================================
Received Import Request.
  Time since last request: 0.000209 seconds.
  path: Assets/Models/Prefab_RingBlue.prefab
  artifactKey: Guid(f6a874f9c0a17c94aac3dd0896ea688d) Importer(815301076,1909f56bfc062723c751e8b465ee728b)
Start importing Assets/Models/Prefab_RingBlue.prefab using Guid(f6a874f9c0a17c94aac3dd0896ea688d) Importer(815301076,1909f56bfc062723c751e8b465ee728b)  -> (artifact id: 'c16f5b25607f63846793addc39836189') in 0.013870 seconds
  Import took 0.015751 seconds .

========================================================================
Received Import Request.
  Time since last request: 0.000245 seconds.
  path: Assets/Models/flower.fbx
  artifactKey: Guid(ec42c680a624d964e8bf6f9367c35504) Importer(815301076,1909f56bfc062723c751e8b465ee728b)
Start importing Assets/Models/flower.fbx using Guid(ec42c680a624d964e8bf6f9367c35504) Importer(815301076,1909f56bfc062723c751e8b465ee728b)  -> (artifact id: '88dd12b04bdd4ba2424630ccd61b2be2') in 0.051079 seconds
  Import took 0.052671 seconds .

========================================================================
Received Import Request.
  Time since last request: 0.000240 seconds.
  path: Assets/Myles' Tech Art Stuff/WoodTemp.mat
  artifactKey: Guid(20f6630242080e245a9e24e684b9d080) Importer(815301076,1909f56bfc062723c751e8b465ee728b)
Start importing Assets/Myles' Tech Art Stuff/WoodTemp.mat using Guid(20f6630242080e245a9e24e684b9d080) Importer(815301076,1909f56bfc062723c751e8b465ee728b)  -> (artifact id: '99f352ef4254b7adf54e892754f4f291') in 0.010867 seconds
  Import took 0.012368 seconds .

========================================================================
Received Import Request.
  Time since last request: 0.000204 seconds.
  path: Assets/Models/MOD_Grass.fbx
  artifactKey: Guid(157fe68c96ba5644080fce93ccd108dd) Importer(815301076,1909f56bfc062723c751e8b465ee728b)
Start importing Assets/Models/MOD_Grass.fbx using Guid(157fe68c96ba5644080fce93ccd108dd) Importer(815301076,1909f56bfc062723c751e8b465ee728b)  -> (artifact id: 'c057b63d14dc2cd17e6f1a717825a4e8') in 0.019520 seconds
  Import took 0.021094 seconds .

========================================================================
Received Import Request.
  Time since last request: 0.000185 seconds.
  path: Assets/Models/MOD_Rock.fbx
  artifactKey: Guid(d762b21a78c20ed40811917c288f1a1e) Importer(815301076,1909f56bfc062723c751e8b465ee728b)
Start importing Assets/Models/MOD_Rock.fbx using Guid(d762b21a78c20ed40811917c288f1a1e) Importer(815301076,1909f56bfc062723c751e8b465ee728b)  -> (artifact id: '3e27eb478ed9db7cef8a3a8eca8bc2fa') in 0.022513 seconds
  Import took 0.024317 seconds .

========================================================================
Received Import Request.
  Time since last request: 0.000218 seconds.
  path: Assets/Models/Prefab_RingRed.prefab
  artifactKey: Guid(cf60469ba442d8b4bb1a5f941ecb9d88) Importer(815301076,1909f56bfc062723c751e8b465ee728b)
Start importing Assets/Models/Prefab_RingRed.prefab using Guid(cf60469ba442d8b4bb1a5f941ecb9d88) Importer(815301076,1909f56bfc062723c751e8b465ee728b)  -> (artifact id: 'fa612e05de20212609e92d0fb7510837') in 0.010160 seconds
  Import took 0.011942 seconds .

========================================================================
Received Import Request.
  Time since last request: 0.000233 seconds.
  path: Assets/Models/MOD_Temple.fbx
  artifactKey: Guid(6dfcafde6389bc54083e7e42a113d84c) Importer(815301076,1909f56bfc062723c751e8b465ee728b)
Start importing Assets/Models/MOD_Temple.fbx using Guid(6dfcafde6389bc54083e7e42a113d84c) Importer(815301076,1909f56bfc062723c751e8b465ee728b)  -> (artifact id: '700763955c857b6cc231b6f497e087c7') in 0.019544 seconds
  Import took 0.021289 seconds .

========================================================================
Received Import Request.
  Time since last request: 0.000204 seconds.
  path: Assets/Models/Greentree.fbx
  artifactKey: Guid(c3ace47945e74d04bb67f4d6ae0a2007) Importer(815301076,1909f56bfc062723c751e8b465ee728b)
Start importing Assets/Models/Greentree.fbx using Guid(c3ace47945e74d04bb67f4d6ae0a2007) Importer(815301076,1909f56bfc062723c751e8b465ee728b)  -> (artifact id: 'ca263eaa217bc3df6e2af7c680292675') in 0.027800 seconds
  Import took 0.029311 seconds .

========================================================================
Received Import Request.
  Time since last request: 0.000208 seconds.
  path: Assets/Models/Greentree.mat
  artifactKey: Guid(3b44ba017640b894ebb3d9aec5dfc80e) Importer(815301076,1909f56bfc062723c751e8b465ee728b)
Start importing Assets/Models/Greentree.mat using Guid(3b44ba017640b894ebb3d9aec5dfc80e) Importer(815301076,1909f56bfc062723c751e8b465ee728b)  -> (artifact id: '7b954c7fdb11d90637ccf8627082a22a') in 0.006083 seconds
  Import took 0.007555 seconds .

========================================================================
Received Import Request.
  Time since last request: 0.000189 seconds.
  path: Assets/Models/RockTest.fbx
  artifactKey: Guid(57e5e9d12f48b3640b6f1ea858245b4a) Importer(815301076,1909f56bfc062723c751e8b465ee728b)
Start importing Assets/Models/RockTest.fbx using Guid(57e5e9d12f48b3640b6f1ea858245b4a) Importer(815301076,1909f56bfc062723c751e8b465ee728b)  -> (artifact id: '6e7537c4411243c51ea0f85bf46218dc') in 0.044955 seconds
  Import took 0.047053 seconds .

========================================================================
Received Import Request.
  Time since last request: 0.000222 seconds.
  path: Assets/Models
  artifactKey: Guid(04504778e3f6df04192a12bac5d7c678) Importer(815301076,1909f56bfc062723c751e8b465ee728b)
Start importing Assets/Models using Guid(04504778e3f6df04192a12bac5d7c678) Importer(815301076,1909f56bfc062723c751e8b465ee728b)  -> (artifact id: 'f545e082592908f6040eb5dc1acf5332') in 0.004600 seconds
  Import took 0.006034 seconds .

========================================================================
Received Import Request.
  Time since last request: 0.000183 seconds.
  path: Assets/Models/MOD_Ring.fbx
  artifactKey: Guid(3d8ef734f5abf6249831b3aee2b1b1f4) Importer(815301076,1909f56bfc062723c751e8b465ee728b)
Start importing Assets/Models/MOD_Ring.fbx using Guid(3d8ef734f5abf6249831b3aee2b1b1f4) Importer(815301076,1909f56bfc062723c751e8b465ee728b)  -> (artifact id: '1fca22d7b3df314b68c4c6f6b8e879a8') in 0.024013 seconds
  Import took 0.025573 seconds .

AssetImportWorkerClient::OnTransportError - code=2 error=End of file
